[2026-06-03 10:05:03] === Iniciando MonitorPonto ===
[2026-06-03 10:05:03] Config:  / id=0
[2026-06-03 10:05:03] Tray criado
[2026-06-03 10:05:03] Config incompleto — abrindo configurações
[2026-06-03 10:05:07] Startup OK
[2026-06-03 10:05:11] Encerrando por solicitação do usuário
[2026-06-03 10:05:11] OnExit
[2026-06-03 10:05:54] === Iniciando MonitorPonto ===
[2026-06-03 10:05:54] Config:  / id=0
[2026-06-03 10:05:55] Tray criado
[2026-06-03 10:05:55] Config incompleto — abrindo configurações
[2026-06-03 10:07:31] Startup OK
[2026-06-03 10:11:13] Encerrando por solicitação do usuário
[2026-06-03 10:11:13] OnExit
[2026-06-03 10:13:09] === Iniciando MonitorPonto ===
[2026-06-03 10:13:09] Config:  / id=0
[2026-06-03 10:13:09] Tray criado
[2026-06-03 10:13:09] Config incompleto — abrindo configurações
[2026-06-03 10:13:45] Config atualizado — monitoramento reiniciado
[2026-06-03 10:13:45] Startup OK
[2026-06-03 10:13:51] Config atualizado — monitoramento reiniciado
[2026-06-03 10:14:16] Config atualizado — monitoramento reiniciado
[2026-06-03 10:14:38] Config atualizado — monitoramento reiniciado
[2026-06-03 10:14:55] Config atualizado — monitoramento reiniciado
[2026-06-03 10:15:21] Config atualizado — monitoramento reiniciado
[2026-06-03 11:30:27] Config atualizado — monitoramento reiniciado
[2026-06-03 13:44:49] Encerrando por solicitação do usuário
[2026-06-03 13:44:49] OnExit
[2026-06-03 13:44:52] === Iniciando MonitorPonto ===
[2026-06-03 13:44:53] Config: Rafael de Souza Fagundes / id=104
[2026-06-03 13:44:53] Tray criado
[2026-06-03 13:44:53] Iniciando monitoramento
[2026-06-03 13:44:54] Startup OK
[2026-06-03 13:45:02] === Iniciando MonitorPonto ===
[2026-06-03 13:45:02] Config: Rafael de Souza Fagundes / id=104
[2026-06-03 13:45:03] Tray criado
[2026-06-03 13:45:03] Iniciando monitoramento
[2026-06-03 13:45:03] Startup OK
[2026-06-03 13:46:11] Config atualizado — monitoramento reiniciado
[2026-06-03 13:49:10] === Iniciando MonitorPonto ===
[2026-06-03 13:49:10] Config: Rafael de Souza Fagundes / id=102
[2026-06-03 13:49:11] Tray criado
[2026-06-03 13:49:11] Iniciando monitoramento
[2026-06-03 13:49:11] Startup OK
