[2026-06-02 16:04:02] INFO     ponto_monitor.main — ============================================================
[2026-06-02 16:04:02] INFO     ponto_monitor.main —   Monitor de Ponto — Rafael de Souza Fagundes
[2026-06-02 16:04:02] INFO     ponto_monitor.main — ============================================================
[2026-06-02 16:04:02] INFO     ponto_monitor.main — Polling a cada 60s
[2026-06-02 16:04:02] INFO     ponto_monitor.main — Sistema iniciado. Monitorando batidas...

[2026-06-02 16:04:02] INFO     ponto_monitor.state — Arquivo de estado criado: C:\Users\rafael.souza\Desktop\PontoSystem\state.json
[2026-06-02 16:04:02] INFO     ponto_monitor.main — [Ciclo #1] 2026-06-02 16:04:02 — consultando...
[2026-06-02 16:04:03] INFO     ponto_monitor.rhid — Autenticação realizada com sucesso
[2026-06-02 16:04:03] INFO     ponto_monitor.rhid — RAFAEL DE SOUZA FAGUNDES: 3 batida(s) — [{'time': '07:55', 'type': 'ENTRADA'}, {'time': '11:30', 'type': 'SAIDA'}, {'time': '12:30', 'type': 'ENTRADA'}]
[2026-06-02 16:04:03] INFO     ponto_monitor.main —   1 registro(s) recebido(s)
[2026-06-02 16:04:03] INFO     ponto_monitor.tracker — [2026-06-02 16:04:03] Saída almoço detectada — Rafael de Souza Fagundes às 11:30 | retorno esperado 13:00
[2026-06-02 16:04:03] INFO     ponto_monitor.tracker — [2026-06-02 16:04:03] Retorno detectado — Rafael de Souza Fagundes às 12:30
[2026-06-02 16:05:03] INFO     ponto_monitor.main — [Ciclo #2] 2026-06-02 16:05:03 — consultando...
[2026-06-02 16:05:04] INFO     ponto_monitor.rhid — RAFAEL DE SOUZA FAGUNDES: 3 batida(s) — [{'time': '07:55', 'type': 'ENTRADA'}, {'time': '11:30', 'type': 'SAIDA'}, {'time': '12:30', 'type': 'ENTRADA'}]
[2026-06-02 16:05:04] INFO     ponto_monitor.main —   1 registro(s) recebido(s)
[2026-06-02 16:05:04] INFO     ponto_monitor.tracker — [2026-06-02 16:05:04] Saída almoço detectada — Rafael de Souza Fagundes às 11:30 | retorno esperado 13:00
[2026-06-02 16:05:04] INFO     ponto_monitor.tracker — [2026-06-02 16:05:04] Retorno detectado — Rafael de Souza Fagundes às 12:30
[2026-06-02 16:06:04] INFO     ponto_monitor.main — [Ciclo #3] 2026-06-02 16:06:04 — consultando...
[2026-06-02 16:06:04] INFO     ponto_monitor.rhid — RAFAEL DE SOUZA FAGUNDES: 3 batida(s) — [{'time': '07:55', 'type': 'ENTRADA'}, {'time': '11:30', 'type': 'SAIDA'}, {'time': '12:30', 'type': 'ENTRADA'}]
[2026-06-02 16:06:04] INFO     ponto_monitor.main —   1 registro(s) recebido(s)
[2026-06-02 16:06:04] INFO     ponto_monitor.tracker — [2026-06-02 16:06:04] Saída almoço detectada — Rafael de Souza Fagundes às 11:30 | retorno esperado 13:00
[2026-06-02 16:06:04] INFO     ponto_monitor.tracker — [2026-06-02 16:06:04] Retorno detectado — Rafael de Souza Fagundes às 12:30
[2026-06-02 16:07:04] INFO     ponto_monitor.main — [Ciclo #4] 2026-06-02 16:07:04 — consultando...
[2026-06-02 16:07:05] INFO     ponto_monitor.rhid — RAFAEL DE SOUZA FAGUNDES: 3 batida(s) — [{'time': '07:55', 'type': 'ENTRADA'}, {'time': '11:30', 'type': 'SAIDA'}, {'time': '12:30', 'type': 'ENTRADA'}]
[2026-06-02 16:07:05] INFO     ponto_monitor.main —   1 registro(s) recebido(s)
[2026-06-02 16:07:05] INFO     ponto_monitor.tracker — [2026-06-02 16:07:05] Saída almoço detectada — Rafael de Souza Fagundes às 11:30 | retorno esperado 13:00
[2026-06-02 16:07:05] INFO     ponto_monitor.tracker — [2026-06-02 16:07:05] Retorno detectado — Rafael de Souza Fagundes às 12:30
[2026-06-02 16:08:05] INFO     ponto_monitor.main — [Ciclo #5] 2026-06-02 16:08:05 — consultando...
[2026-06-02 16:08:05] INFO     ponto_monitor.rhid — RAFAEL DE SOUZA FAGUNDES: 3 batida(s) — [{'time': '07:55', 'type': 'ENTRADA'}, {'time': '11:30', 'type': 'SAIDA'}, {'time': '12:30', 'type': 'ENTRADA'}]
[2026-06-02 16:08:05] INFO     ponto_monitor.main —   1 registro(s) recebido(s)
[2026-06-02 16:08:05] INFO     ponto_monitor.tracker — [2026-06-02 16:08:05] Saída almoço detectada — Rafael de Souza Fagundes às 11:30 | retorno esperado 13:00
[2026-06-02 16:08:05] INFO     ponto_monitor.tracker — [2026-06-02 16:08:05] Retorno detectado — Rafael de Souza Fagundes às 12:30
[2026-06-02 16:09:05] INFO     ponto_monitor.main — [Ciclo #6] 2026-06-02 16:09:05 — consultando...
[2026-06-02 16:09:06] INFO     ponto_monitor.rhid — RAFAEL DE SOUZA FAGUNDES: 3 batida(s) — [{'time': '07:55', 'type': 'ENTRADA'}, {'time': '11:30', 'type': 'SAIDA'}, {'time': '12:30', 'type': 'ENTRADA'}]
[2026-06-02 16:09:06] INFO     ponto_monitor.main —   1 registro(s) recebido(s)
[2026-06-02 16:09:06] INFO     ponto_monitor.tracker — [2026-06-02 16:09:06] Saída almoço detectada — Rafael de Souza Fagundes às 11:30 | retorno esperado 13:00
[2026-06-02 16:09:06] INFO     ponto_monitor.tracker — [2026-06-02 16:09:06] Retorno detectado — Rafael de Souza Fagundes às 12:30
[2026-06-02 16:10:06] INFO     ponto_monitor.main — [Ciclo #7] 2026-06-02 16:10:06 — consultando...
[2026-06-02 16:10:06] INFO     ponto_monitor.rhid — RAFAEL DE SOUZA FAGUNDES: 3 batida(s) — [{'time': '07:55', 'type': 'ENTRADA'}, {'time': '11:30', 'type': 'SAIDA'}, {'time': '12:30', 'type': 'ENTRADA'}]
[2026-06-02 16:10:06] INFO     ponto_monitor.main —   1 registro(s) recebido(s)
[2026-06-02 16:10:06] INFO     ponto_monitor.tracker — [2026-06-02 16:10:06] Saída almoço detectada — Rafael de Souza Fagundes às 11:30 | retorno esperado 13:00
[2026-06-02 16:10:06] INFO     ponto_monitor.tracker — [2026-06-02 16:10:06] Retorno detectado — Rafael de Souza Fagundes às 12:30
[2026-06-02 16:11:06] INFO     ponto_monitor.main — [Ciclo #8] 2026-06-02 16:11:06 — consultando...
[2026-06-02 16:11:06] INFO     ponto_monitor.rhid — RAFAEL DE SOUZA FAGUNDES: 3 batida(s) — [{'time': '07:55', 'type': 'ENTRADA'}, {'time': '11:30', 'type': 'SAIDA'}, {'time': '12:30', 'type': 'ENTRADA'}]
[2026-06-02 16:11:06] INFO     ponto_monitor.main —   1 registro(s) recebido(s)
[2026-06-02 16:11:06] INFO     ponto_monitor.tracker — [2026-06-02 16:11:06] Saída almoço detectada — Rafael de Souza Fagundes às 11:30 | retorno esperado 13:00
[2026-06-02 16:11:06] INFO     ponto_monitor.tracker — [2026-06-02 16:11:06] Retorno detectado — Rafael de Souza Fagundes às 12:30
[2026-06-02 16:12:06] INFO     ponto_monitor.main — [Ciclo #9] 2026-06-02 16:12:06 — consultando...
[2026-06-02 16:12:07] INFO     ponto_monitor.rhid — RAFAEL DE SOUZA FAGUNDES: 3 batida(s) — [{'time': '07:55', 'type': 'ENTRADA'}, {'time': '11:30', 'type': 'SAIDA'}, {'time': '12:30', 'type': 'ENTRADA'}]
[2026-06-02 16:12:07] INFO     ponto_monitor.main —   1 registro(s) recebido(s)
[2026-06-02 16:12:07] INFO     ponto_monitor.tracker — [2026-06-02 16:12:07] Saída almoço detectada — Rafael de Souza Fagundes às 11:30 | retorno esperado 13:00
[2026-06-02 16:12:07] INFO     ponto_monitor.tracker — [2026-06-02 16:12:07] Retorno detectado — Rafael de Souza Fagundes às 12:30
[2026-06-02 16:13:07] INFO     ponto_monitor.main — [Ciclo #10] 2026-06-02 16:13:07 — consultando...
[2026-06-02 16:13:07] INFO     ponto_monitor.rhid — RAFAEL DE SOUZA FAGUNDES: 3 batida(s) — [{'time': '07:55', 'type': 'ENTRADA'}, {'time': '11:30', 'type': 'SAIDA'}, {'time': '12:30', 'type': 'ENTRADA'}]
[2026-06-02 16:13:07] INFO     ponto_monitor.main —   1 registro(s) recebido(s)
[2026-06-02 16:13:07] INFO     ponto_monitor.tracker — [2026-06-02 16:13:07] Saída almoço detectada — Rafael de Souza Fagundes às 11:30 | retorno esperado 13:00
[2026-06-02 16:13:07] INFO     ponto_monitor.tracker — [2026-06-02 16:13:07] Retorno detectado — Rafael de Souza Fagundes às 12:30
[2026-06-02 16:14:07] INFO     ponto_monitor.main — [Ciclo #11] 2026-06-02 16:14:07 — consultando...
[2026-06-02 16:14:07] INFO     ponto_monitor.rhid — RAFAEL DE SOUZA FAGUNDES: 3 batida(s) — [{'time': '07:55', 'type': 'ENTRADA'}, {'time': '11:30', 'type': 'SAIDA'}, {'time': '12:30', 'type': 'ENTRADA'}]
[2026-06-02 16:14:07] INFO     ponto_monitor.main —   1 registro(s) recebido(s)
[2026-06-02 16:14:07] INFO     ponto_monitor.tracker — [2026-06-02 16:14:07] Saída almoço detectada — Rafael de Souza Fagundes às 11:30 | retorno esperado 13:00
[2026-06-02 16:14:07] INFO     ponto_monitor.tracker — [2026-06-02 16:14:07] Retorno detectado — Rafael de Souza Fagundes às 12:30
[2026-06-02 16:15:07] INFO     ponto_monitor.main — [Ciclo #12] 2026-06-02 16:15:07 — consultando...
[2026-06-02 16:15:08] INFO     ponto_monitor.rhid — RAFAEL DE SOUZA FAGUNDES: 3 batida(s) — [{'time': '07:55', 'type': 'ENTRADA'}, {'time': '11:30', 'type': 'SAIDA'}, {'time': '12:30', 'type': 'ENTRADA'}]
[2026-06-02 16:15:08] INFO     ponto_monitor.main —   1 registro(s) recebido(s)
[2026-06-02 16:15:08] INFO     ponto_monitor.tracker — [2026-06-02 16:15:08] Saída almoço detectada — Rafael de Souza Fagundes às 11:30 | retorno esperado 13:00
[2026-06-02 16:15:08] INFO     ponto_monitor.tracker — [2026-06-02 16:15:08] Retorno detectado — Rafael de Souza Fagundes às 12:30
[2026-06-02 16:16:08] INFO     ponto_monitor.main — [Ciclo #13] 2026-06-02 16:16:08 — consultando...
[2026-06-02 16:16:08] INFO     ponto_monitor.rhid — RAFAEL DE SOUZA FAGUNDES: 3 batida(s) — [{'time': '07:55', 'type': 'ENTRADA'}, {'time': '11:30', 'type': 'SAIDA'}, {'time': '12:30', 'type': 'ENTRADA'}]
[2026-06-02 16:16:08] INFO     ponto_monitor.main —   1 registro(s) recebido(s)
[2026-06-02 16:16:08] INFO     ponto_monitor.tracker — [2026-06-02 16:16:08] Saída almoço detectada — Rafael de Souza Fagundes às 11:30 | retorno esperado 13:00
[2026-06-02 16:16:08] INFO     ponto_monitor.tracker — [2026-06-02 16:16:08] Retorno detectado — Rafael de Souza Fagundes às 12:30
[2026-06-02 16:17:08] INFO     ponto_monitor.main — [Ciclo #14] 2026-06-02 16:17:08 — consultando...
[2026-06-02 16:17:08] INFO     ponto_monitor.rhid — RAFAEL DE SOUZA FAGUNDES: 3 batida(s) — [{'time': '07:55', 'type': 'ENTRADA'}, {'time': '11:30', 'type': 'SAIDA'}, {'time': '12:30', 'type': 'ENTRADA'}]
[2026-06-02 16:17:08] INFO     ponto_monitor.main —   1 registro(s) recebido(s)
[2026-06-02 16:17:08] INFO     ponto_monitor.tracker — [2026-06-02 16:17:08] Saída almoço detectada — Rafael de Souza Fagundes às 11:30 | retorno esperado 13:00
[2026-06-02 16:17:08] INFO     ponto_monitor.tracker — [2026-06-02 16:17:08] Retorno detectado — Rafael de Souza Fagundes às 12:30
[2026-06-02 16:18:08] INFO     ponto_monitor.main — [Ciclo #15] 2026-06-02 16:18:08 — consultando...
[2026-06-02 16:18:09] INFO     ponto_monitor.rhid — RAFAEL DE SOUZA FAGUNDES: 3 batida(s) — [{'time': '07:55', 'type': 'ENTRADA'}, {'time': '11:30', 'type': 'SAIDA'}, {'time': '12:30', 'type': 'ENTRADA'}]
[2026-06-02 16:18:09] INFO     ponto_monitor.main —   1 registro(s) recebido(s)
[2026-06-02 16:18:09] INFO     ponto_monitor.tracker — [2026-06-02 16:18:09] Saída almoço detectada — Rafael de Souza Fagundes às 11:30 | retorno esperado 13:00
[2026-06-02 16:18:09] INFO     ponto_monitor.tracker — [2026-06-02 16:18:09] Retorno detectado — Rafael de Souza Fagundes às 12:30
[2026-06-02 16:19:09] INFO     ponto_monitor.main — [Ciclo #16] 2026-06-02 16:19:09 — consultando...
[2026-06-02 16:19:09] INFO     ponto_monitor.rhid — RAFAEL DE SOUZA FAGUNDES: 3 batida(s) — [{'time': '07:55', 'type': 'ENTRADA'}, {'time': '11:30', 'type': 'SAIDA'}, {'time': '12:30', 'type': 'ENTRADA'}]
[2026-06-02 16:19:09] INFO     ponto_monitor.main —   1 registro(s) recebido(s)
[2026-06-02 16:19:09] INFO     ponto_monitor.tracker — [2026-06-02 16:19:09] Saída almoço detectada — Rafael de Souza Fagundes às 11:30 | retorno esperado 13:00
[2026-06-02 16:19:09] INFO     ponto_monitor.tracker — [2026-06-02 16:19:09] Retorno detectado — Rafael de Souza Fagundes às 12:30
[2026-06-02 16:20:09] INFO     ponto_monitor.main — [Ciclo #17] 2026-06-02 16:20:09 — consultando...
[2026-06-02 16:20:10] INFO     ponto_monitor.rhid — RAFAEL DE SOUZA FAGUNDES: 3 batida(s) — [{'time': '07:55', 'type': 'ENTRADA'}, {'time': '11:30', 'type': 'SAIDA'}, {'time': '12:30', 'type': 'ENTRADA'}]
[2026-06-02 16:20:10] INFO     ponto_monitor.main —   1 registro(s) recebido(s)
[2026-06-02 16:20:10] INFO     ponto_monitor.tracker — [2026-06-02 16:20:10] Saída almoço detectada — Rafael de Souza Fagundes às 11:30 | retorno esperado 13:00
[2026-06-02 16:20:10] INFO     ponto_monitor.tracker — [2026-06-02 16:20:10] Retorno detectado — Rafael de Souza Fagundes às 12:30
[2026-06-02 16:21:10] INFO     ponto_monitor.main — [Ciclo #18] 2026-06-02 16:21:10 — consultando...
[2026-06-02 16:21:10] INFO     ponto_monitor.rhid — RAFAEL DE SOUZA FAGUNDES: 3 batida(s) — [{'time': '07:55', 'type': 'ENTRADA'}, {'time': '11:30', 'type': 'SAIDA'}, {'time': '12:30', 'type': 'ENTRADA'}]
[2026-06-02 16:21:10] INFO     ponto_monitor.main —   1 registro(s) recebido(s)
[2026-06-02 16:21:10] INFO     ponto_monitor.tracker — [2026-06-02 16:21:10] Saída almoço detectada — Rafael de Souza Fagundes às 11:30 | retorno esperado 13:00
[2026-06-02 16:21:10] INFO     ponto_monitor.tracker — [2026-06-02 16:21:10] Retorno detectado — Rafael de Souza Fagundes às 12:30
[2026-06-02 16:22:10] INFO     ponto_monitor.main — [Ciclo #19] 2026-06-02 16:22:10 — consultando...
[2026-06-02 16:22:10] INFO     ponto_monitor.rhid — RAFAEL DE SOUZA FAGUNDES: 3 batida(s) — [{'time': '07:55', 'type': 'ENTRADA'}, {'time': '11:30', 'type': 'SAIDA'}, {'time': '12:30', 'type': 'ENTRADA'}]
[2026-06-02 16:22:10] INFO     ponto_monitor.main —   1 registro(s) recebido(s)
[2026-06-02 16:22:10] INFO     ponto_monitor.tracker — [2026-06-02 16:22:10] Saída almoço detectada — Rafael de Souza Fagundes às 11:30 | retorno esperado 13:00
[2026-06-02 16:22:10] INFO     ponto_monitor.tracker — [2026-06-02 16:22:10] Retorno detectado — Rafael de Souza Fagundes às 12:30
[2026-06-02 16:23:10] INFO     ponto_monitor.main — [Ciclo #20] 2026-06-02 16:23:10 — consultando...
[2026-06-02 16:23:11] INFO     ponto_monitor.rhid — RAFAEL DE SOUZA FAGUNDES: 3 batida(s) — [{'time': '07:55', 'type': 'ENTRADA'}, {'time': '11:30', 'type': 'SAIDA'}, {'time': '12:30', 'type': 'ENTRADA'}]
[2026-06-02 16:23:11] INFO     ponto_monitor.main —   1 registro(s) recebido(s)
[2026-06-02 16:23:11] INFO     ponto_monitor.tracker — [2026-06-02 16:23:11] Saída almoço detectada — Rafael de Souza Fagundes às 11:30 | retorno esperado 13:00
[2026-06-02 16:23:11] INFO     ponto_monitor.tracker — [2026-06-02 16:23:11] Retorno detectado — Rafael de Souza Fagundes às 12:30
[2026-06-02 16:24:11] INFO     ponto_monitor.main — [Ciclo #21] 2026-06-02 16:24:11 — consultando...
[2026-06-02 16:24:11] INFO     ponto_monitor.rhid — RAFAEL DE SOUZA FAGUNDES: 3 batida(s) — [{'time': '07:55', 'type': 'ENTRADA'}, {'time': '11:30', 'type': 'SAIDA'}, {'time': '12:30', 'type': 'ENTRADA'}]
[2026-06-02 16:24:11] INFO     ponto_monitor.main —   1 registro(s) recebido(s)
[2026-06-02 16:24:11] INFO     ponto_monitor.tracker — [2026-06-02 16:24:11] Saída almoço detectada — Rafael de Souza Fagundes às 11:30 | retorno esperado 13:00
[2026-06-02 16:24:11] INFO     ponto_monitor.tracker — [2026-06-02 16:24:11] Retorno detectado — Rafael de Souza Fagundes às 12:30
